h:\google kayar\dersler\2020-2021\oyun programlama\kod\03 - ilk yılan oyunu\x64\debug\vc142.pdb
h:\google kayar\dersler\2020-2021\oyun programlama\kod\03 - ilk yılan oyunu\x64\debug\vc142.ıdb
h:\google kayar\dersler\2020-2021\oyun programlama\kod\03 - ilk yılan oyunu\x64\debug\pencere.obj
h:\google kayar\dersler\2020-2021\oyun programlama\kod\03 - ilk yılan oyunu\x64\debug\oyun.obj
h:\google kayar\dersler\2020-2021\oyun programlama\kod\03 - ilk yılan oyunu\x64\debug\maın.obj
h:\google kayar\dersler\2020-2021\oyun programlama\kod\03 - ilk yılan oyunu\x64\debug\buton.obj
h:\google kayar\dersler\2020-2021\oyun programlama\kod\03 - ilk yılan oyunu\menu tasarımı\x64\debug\vc142.pdb
h:\google kayar\dersler\2020-2021\oyun programlama\kod\03 - ilk yılan oyunu\menu tasarımı\x64\debug\vc142.ıdb
h:\google kayar\dersler\2020-2021\oyun programlama\kod\03 - ilk yılan oyunu\menu tasarımı\x64\debug\pencere.obj
h:\google kayar\dersler\2020-2021\oyun programlama\kod\03 - ilk yılan oyunu\menu tasarımı\x64\debug\oyun.obj
h:\google kayar\dersler\2020-2021\oyun programlama\kod\03 - ilk yılan oyunu\menu tasarımı\x64\debug\maın.obj
h:\google kayar\dersler\2020-2021\oyun programlama\kod\03 - ilk yılan oyunu\menu tasarımı\x64\debug\buton.obj
h:\google kayar\dersler\2020-2021\oyun programlama\kod\03 - ilk yılan oyunu\x64\debugvc142.pdb
h:\google kayar\dersler\2020-2021\oyun programlama\kod\03 - ilk yılan oyunu\x64\debugvc142.ıdb
h:\google kayar\dersler\2020-2021\oyun programlama\kod\dependencıes\bın\menu tasarımı.exe
h:\google kayar\dersler\2020-2021\oyun programlama\kod\dependencıes\bın\menu tasarımı.ılk
h:\google kayar\dersler\2020-2021\oyun programlama\kod\03 - ilk yılan oyunu\x64\debugmenu tasarımı.pdb
h:\google kayar\dersler\2020-2021\oyun programlama\kod\03 - ilk yilan oyunu\menu tasarimi\x64\debug\buton.obj
h:\google kayar\dersler\2020-2021\oyun programlama\kod\03 - ilk yilan oyunu\menu tasarimi\x64\debug\main.obj
h:\google kayar\dersler\2020-2021\oyun programlama\kod\03 - ilk yilan oyunu\menu tasarimi\x64\debug\oyun.obj
h:\google kayar\dersler\2020-2021\oyun programlama\kod\03 - ilk yilan oyunu\menu tasarimi\x64\debug\pencere.obj
h:\google kayar\dersler\2020-2021\oyun programlama\kod\03 - ilk yilan oyunu\menu tasarimi\x64\debug\vc142.idb
h:\google kayar\dersler\2020-2021\oyun programlama\kod\03 - ilk yilan oyunu\menu tasarimi\x64\debug\vc142.pdb
h:\google kayar\dersler\2020-2021\oyun programlama\kod\03 - ilk yilan oyunu\..\dependencies\bin\menu tasarimi.exe
h:\google kayar\dersler\2020-2021\oyun programlama\kod\03 - ilk yilan oyunu\..\dependencies\bin\menu tasarimi.ilk
h:\google kayar\dersler\2020-2021\oyun programlama\kod\03 - ilk yilan oyunu\menu tasarimi\x64\debug\menu tasarimi.tlog\cl.command.1.tlog
h:\google kayar\dersler\2020-2021\oyun programlama\kod\03 - ilk yilan oyunu\menu tasarimi\x64\debug\menu tasarimi.tlog\cl.read.1.tlog
h:\google kayar\dersler\2020-2021\oyun programlama\kod\03 - ilk yilan oyunu\menu tasarimi\x64\debug\menu tasarimi.tlog\cl.write.1.tlog
h:\google kayar\dersler\2020-2021\oyun programlama\kod\03 - ilk yilan oyunu\menu tasarimi\x64\debug\menu tasarimi.tlog\link.command.1.tlog
h:\google kayar\dersler\2020-2021\oyun programlama\kod\03 - ilk yilan oyunu\menu tasarimi\x64\debug\menu tasarimi.tlog\link.read.1.tlog
h:\google kayar\dersler\2020-2021\oyun programlama\kod\03 - ilk yilan oyunu\menu tasarimi\x64\debug\menu tasarimi.tlog\link.write.1.tlog
